<?xml version="1.0" encoding="UTF-8"?>
<testsuite xmlns:xsi="http://www.w3.org/2001/XMLSchema-instance" xsi:noNamespaceSchemaLocation="https://maven.apache.org/surefire/maven-surefire-plugin/xsd/surefire-test-report.xsd" name="edu.javacourse.Test1" time="0.054" tests="1" errors="0" skipped="0" failures="1">
  <properties>
[...]
</properties>
  <testcase name="test1" classname="edu.javacourse.Test1" time="0.01">
    <failure message="expected:&lt;15[0].0&gt; but was:&lt;15[1].0&gt;" type="org.junit.ComparisonFailure"><![CDATA[org.junit.ComparisonFailure: expected:<15[0].0> but was:<15[1].0>
	at edu.javacourse.Test1.test1(Test1.java:16)
]]></failure>
  </testcase>
</testsuite>